width_1600 0.15 0.15 0.028 0.028 0.005 0.43028
m0_2020 2.043 2.043 0.022 0.022 1.82278 2.26322
width_2050 0.493 0.493 0.061 0.061 0.005 1.10361
m0_1710 1.713 1.713 0.013 0.013 1.58287 1.84313
m0_1820 1.8235 1.8235 0.0008 0.0008 1.815492 1.831508
m0_1600 1.592 1.592 0.01 0.01 1.4919 1.6921
width_2110 0.4 0.4 0.038 0.038 0.01962 0.78038
m0_1800 1.783 1.783 0.019 0.019 1.59281 1.97319
m0_2110 2.036 2.036 0.013 0.013 1.90587 2.16613
width_1830 0.114 0.114 0.01 0.01 0.0139 0.2141
width_1800 0.256 0.256 0.035 0.035 0.005 0.60635
m0_2050 2.056 2.056 0.022 0.022 1.83578 2.27622
width_1820 0.089 0.089 0.002 0.002 0.06898 0.10902
width_1670 0.029 0.029 0.005 0.005 0.005 0.07905
width_1710 0.18 0.18 0.042 0.042 0.005 0.60042
width_2000 0.255 0.255 0.063 0.063 0.005 0.88563
m0_2000 2.02 2.02 0.016 0.016 1.85984 2.18016
m0_1670 1.672 1.672 0.003 0.003 1.64197 1.70203
m0_1690 1.691 1.691 0.003 0.003 1.66097 1.72103
width_1890 0.161 0.161 0.015 0.015 0.01085 0.31115
m0_1830 1.82 1.82 0.004 0.004 1.77996 1.86004
m0_2100 2.086 2.086 0.006 0.006 2.02594 2.14606
m0_1810 1.821 1.821 0.01 0.01 1.7209 1.9211
width_1690 0.054 0.054 0.005 0.005 0.00395 0.10405
m0_1890 1.9 1.9 0.005 0.005 1.84995 1.95005
width_2020 0.2 0.2 0.075 0.075 0.005 0.95075
width_1810 0.174 0.174 0.05 0.05 0.005 0.6745
width_2100 0.305 0.305 0.016 0.016 0.14484 0.46516
m0_2350   2.34   2.37   0.015   0.015   2.2     2.5 
width_2350   0.1   0.25  0.015   0.015   0.005   0.3 
width_1405 0.04 0.25 0.025 0.025 0.01 0.5
m0_Xplus 4.003  4.003 0.0152 0.0072 3.5 5.125
width_Xplus 0.131 0.131 0.030 0.030  0.001 1.000  
m0_2070 2.044 2.044 0.02 0.02 1.8 2.3
width_2070 0.36 0.36 0.045 0.045 0.05 0.6
m0_2080 2.07 2.07 0.015 0.015 1.9 2.2
width_2080 0.172 0.172 0.028 0.028 0.05 0.3
